<?xml version="1.0" encoding="UTF-8"?>
<testng-results ignored="0" total="18" passed="18" failed="0" skipped="0">
  <reporter-output>
  </reporter-output>
  <suite started-at="2024-09-23T14:40:09 IST" name="testNG crash course4" finished-at="2024-09-23T14:41:28 IST" duration-ms="78112">
    <groups>
    </groups>
    <test started-at="2024-09-23T14:40:09 IST" name="Parameter1" finished-at="2024-09-23T14:40:44 IST" duration-ms="34907">
      <class name="Allpagestests.Loginpagetest">
        <test-method is-config="true" signature="setUp()[pri:0, instance:Allpagestests.Loginpagetest@61322f9d]" started-at="2024-09-23T14:40:32 IST" name="setUp" finished-at="2024-09-23T14:40:37 IST" duration-ms="4594" status="PASS">
          <reporter-output>
          </reporter-output>
        </test-method> <!-- setUp -->
        <test-method signature="getpagetitletest()[pri:0, instance:Allpagestests.Loginpagetest@61322f9d]" started-at="2024-09-23T14:40:37 IST" name="getpagetitletest" finished-at="2024-09-23T14:40:37 IST" duration-ms="70" status="PASS">
          <reporter-output>
          </reporter-output>
        </test-method> <!-- getpagetitletest -->
        <test-method signature="geturltest()[pri:0, instance:Allpagestests.Loginpagetest@61322f9d]" started-at="2024-09-23T14:40:37 IST" name="geturltest" finished-at="2024-09-23T14:40:37 IST" duration-ms="19" status="PASS">
          <reporter-output>
          </reporter-output>
        </test-method> <!-- geturltest -->
        <test-method signature="logintest(java.lang.String,java.lang.String)[pri:0, instance:Allpagestests.Loginpagetest@61322f9d]" started-at="2024-09-23T14:40:37 IST" name="logintest" finished-at="2024-09-23T14:40:42 IST" duration-ms="4368" status="PASS">
          <params>
            <param index="0">
              <value>
                <![CDATA[david@yopmail.com]]>
              </value>
            </param>
            <param index="1">
              <value>
                <![CDATA[12345678]]>
              </value>
            </param>
          </params>
          <reporter-output>
          </reporter-output>
        </test-method> <!-- logintest -->
        <test-method signature="navigatetodashboardtest()[pri:0, instance:Allpagestests.Loginpagetest@61322f9d]" started-at="2024-09-23T14:40:42 IST" name="navigatetodashboardtest" finished-at="2024-09-23T14:40:42 IST" duration-ms="12" status="PASS">
          <reporter-output>
          </reporter-output>
        </test-method> <!-- navigatetodashboardtest -->
        <test-method is-config="true" signature="teardown()[pri:0, instance:Allpagestests.Loginpagetest@61322f9d]" started-at="2024-09-23T14:40:44 IST" name="teardown" finished-at="2024-09-23T14:40:44 IST" duration-ms="0" status="PASS">
          <reporter-output>
          </reporter-output>
        </test-method> <!-- teardown -->
      </class> <!-- Allpagestests.Loginpagetest -->
      <class name="Allpagestests.Dashboardpagetest">
        <test-method is-config="true" signature="SetUp()[pri:0, instance:Allpagestests.Dashboardpagetest@b2c9a9c]" started-at="2024-09-23T14:40:09 IST" name="SetUp" finished-at="2024-09-23T14:40:32 IST" duration-ms="22916" status="PASS">
          <reporter-output>
          </reporter-output>
        </test-method> <!-- SetUp -->
        <test-method signature="checkusernametest()[pri:1, instance:Allpagestests.Dashboardpagetest@b2c9a9c]" started-at="2024-09-23T14:40:42 IST" name="checkusernametest" finished-at="2024-09-23T14:40:42 IST" duration-ms="88" status="PASS">
          <reporter-output>
          </reporter-output>
        </test-method> <!-- checkusernametest -->
        <test-method signature="userlogout()[pri:2, instance:Allpagestests.Dashboardpagetest@b2c9a9c]" started-at="2024-09-23T14:40:42 IST" name="userlogout" finished-at="2024-09-23T14:40:43 IST" duration-ms="1203" status="PASS">
          <reporter-output>
          </reporter-output>
        </test-method> <!-- userlogout -->
        <test-method is-config="true" signature="tearDown()[pri:0, instance:Allpagestests.Dashboardpagetest@b2c9a9c]" started-at="2024-09-23T14:40:43 IST" name="tearDown" finished-at="2024-09-23T14:40:44 IST" duration-ms="1456" status="PASS">
          <reporter-output>
          </reporter-output>
        </test-method> <!-- tearDown -->
      </class> <!-- Allpagestests.Dashboardpagetest -->
    </test> <!-- Parameter1 -->
    <test started-at="2024-09-23T14:40:44 IST" name="Parameter2" finished-at="2024-09-23T14:41:05 IST" duration-ms="21009">
      <class name="Allpagestests.Loginpagetest">
        <test-method is-config="true" signature="setUp()[pri:0, instance:Allpagestests.Loginpagetest@c86b9e3]" started-at="2024-09-23T14:40:53 IST" name="setUp" finished-at="2024-09-23T14:40:58 IST" duration-ms="4613" status="PASS">
          <reporter-output>
          </reporter-output>
        </test-method> <!-- setUp -->
        <test-method signature="getpagetitletest()[pri:0, instance:Allpagestests.Loginpagetest@c86b9e3]" started-at="2024-09-23T14:40:58 IST" name="getpagetitletest" finished-at="2024-09-23T14:40:58 IST" duration-ms="38" status="PASS">
          <reporter-output>
          </reporter-output>
        </test-method> <!-- getpagetitletest -->
        <test-method signature="geturltest()[pri:0, instance:Allpagestests.Loginpagetest@c86b9e3]" started-at="2024-09-23T14:40:58 IST" name="geturltest" finished-at="2024-09-23T14:40:58 IST" duration-ms="32" status="PASS">
          <reporter-output>
          </reporter-output>
        </test-method> <!-- geturltest -->
        <test-method signature="logintest(java.lang.String,java.lang.String)[pri:0, instance:Allpagestests.Loginpagetest@c86b9e3]" started-at="2024-09-23T14:40:58 IST" name="logintest" finished-at="2024-09-23T14:41:03 IST" duration-ms="4935" status="PASS">
          <params>
            <param index="0">
              <value>
                <![CDATA[enduser@yopmail.com]]>
              </value>
            </param>
            <param index="1">
              <value>
                <![CDATA[12345678]]>
              </value>
            </param>
          </params>
          <reporter-output>
          </reporter-output>
        </test-method> <!-- logintest -->
        <test-method signature="navigatetodashboardtest()[pri:0, instance:Allpagestests.Loginpagetest@c86b9e3]" started-at="2024-09-23T14:41:03 IST" name="navigatetodashboardtest" finished-at="2024-09-23T14:41:03 IST" duration-ms="2" status="PASS">
          <reporter-output>
          </reporter-output>
        </test-method> <!-- navigatetodashboardtest -->
        <test-method is-config="true" signature="teardown()[pri:0, instance:Allpagestests.Loginpagetest@c86b9e3]" started-at="2024-09-23T14:41:05 IST" name="teardown" finished-at="2024-09-23T14:41:05 IST" duration-ms="0" status="PASS">
          <reporter-output>
          </reporter-output>
        </test-method> <!-- teardown -->
      </class> <!-- Allpagestests.Loginpagetest -->
      <class name="Allpagestests.Dashboardpagetest">
        <test-method is-config="true" signature="SetUp()[pri:0, instance:Allpagestests.Dashboardpagetest@10aa41f2]" started-at="2024-09-23T14:40:44 IST" name="SetUp" finished-at="2024-09-23T14:40:53 IST" duration-ms="8581" status="PASS">
          <reporter-output>
          </reporter-output>
        </test-method> <!-- SetUp -->
        <test-method signature="checkusernametest()[pri:1, instance:Allpagestests.Dashboardpagetest@10aa41f2]" started-at="2024-09-23T14:41:03 IST" name="checkusernametest" finished-at="2024-09-23T14:41:03 IST" duration-ms="93" status="PASS">
          <reporter-output>
          </reporter-output>
        </test-method> <!-- checkusernametest -->
        <test-method signature="userlogout()[pri:2, instance:Allpagestests.Dashboardpagetest@10aa41f2]" started-at="2024-09-23T14:41:03 IST" name="userlogout" finished-at="2024-09-23T14:41:04 IST" duration-ms="1267" status="PASS">
          <reporter-output>
          </reporter-output>
        </test-method> <!-- userlogout -->
        <test-method is-config="true" signature="tearDown()[pri:0, instance:Allpagestests.Dashboardpagetest@10aa41f2]" started-at="2024-09-23T14:41:04 IST" name="tearDown" finished-at="2024-09-23T14:41:05 IST" duration-ms="1421" status="PASS">
          <reporter-output>
          </reporter-output>
        </test-method> <!-- tearDown -->
      </class> <!-- Allpagestests.Dashboardpagetest -->
    </test> <!-- Parameter2 -->
    <test started-at="2024-09-23T14:41:05 IST" name="Parameter3" finished-at="2024-09-23T14:41:28 IST" duration-ms="22117">
      <class name="Allpagestests.Loginpagetest">
        <test-method is-config="true" signature="setUp()[pri:0, instance:Allpagestests.Loginpagetest@37271612]" started-at="2024-09-23T14:41:14 IST" name="setUp" finished-at="2024-09-23T14:41:19 IST" duration-ms="4982" status="PASS">
          <reporter-output>
          </reporter-output>
        </test-method> <!-- setUp -->
        <test-method signature="getpagetitletest()[pri:0, instance:Allpagestests.Loginpagetest@37271612]" started-at="2024-09-23T14:41:19 IST" name="getpagetitletest" finished-at="2024-09-23T14:41:19 IST" duration-ms="75" status="PASS">
          <reporter-output>
          </reporter-output>
        </test-method> <!-- getpagetitletest -->
        <test-method signature="geturltest()[pri:0, instance:Allpagestests.Loginpagetest@37271612]" started-at="2024-09-23T14:41:19 IST" name="geturltest" finished-at="2024-09-23T14:41:19 IST" duration-ms="63" status="PASS">
          <reporter-output>
          </reporter-output>
        </test-method> <!-- geturltest -->
        <test-method signature="logintest(java.lang.String,java.lang.String)[pri:0, instance:Allpagestests.Loginpagetest@37271612]" started-at="2024-09-23T14:41:19 IST" name="logintest" finished-at="2024-09-23T14:41:24 IST" duration-ms="5083" status="PASS">
          <params>
            <param index="0">
              <value>
                <![CDATA[davidcontractor@yopmail.com]]>
              </value>
            </param>
            <param index="1">
              <value>
                <![CDATA[12345678]]>
              </value>
            </param>
          </params>
          <reporter-output>
          </reporter-output>
        </test-method> <!-- logintest -->
        <test-method signature="navigatetodashboardtest()[pri:0, instance:Allpagestests.Loginpagetest@37271612]" started-at="2024-09-23T14:41:24 IST" name="navigatetodashboardtest" finished-at="2024-09-23T14:41:24 IST" duration-ms="10" status="PASS">
          <reporter-output>
          </reporter-output>
        </test-method> <!-- navigatetodashboardtest -->
        <test-method is-config="true" signature="teardown()[pri:0, instance:Allpagestests.Loginpagetest@37271612]" started-at="2024-09-23T14:41:28 IST" name="teardown" finished-at="2024-09-23T14:41:28 IST" duration-ms="0" status="PASS">
          <reporter-output>
          </reporter-output>
        </test-method> <!-- teardown -->
      </class> <!-- Allpagestests.Loginpagetest -->
      <class name="Allpagestests.Dashboardpagetest">
        <test-method is-config="true" signature="SetUp()[pri:0, instance:Allpagestests.Dashboardpagetest@ed7f8b4]" started-at="2024-09-23T14:41:05 IST" name="SetUp" finished-at="2024-09-23T14:41:14 IST" duration-ms="8844" status="PASS">
          <reporter-output>
          </reporter-output>
        </test-method> <!-- SetUp -->
        <test-method signature="checkusernametest()[pri:1, instance:Allpagestests.Dashboardpagetest@ed7f8b4]" started-at="2024-09-23T14:41:24 IST" name="checkusernametest" finished-at="2024-09-23T14:41:25 IST" duration-ms="89" status="PASS">
          <reporter-output>
          </reporter-output>
        </test-method> <!-- checkusernametest -->
        <test-method signature="userlogout()[pri:2, instance:Allpagestests.Dashboardpagetest@ed7f8b4]" started-at="2024-09-23T14:41:25 IST" name="userlogout" finished-at="2024-09-23T14:41:26 IST" duration-ms="1281" status="PASS">
          <reporter-output>
          </reporter-output>
        </test-method> <!-- userlogout -->
        <test-method is-config="true" signature="tearDown()[pri:0, instance:Allpagestests.Dashboardpagetest@ed7f8b4]" started-at="2024-09-23T14:41:26 IST" name="tearDown" finished-at="2024-09-23T14:41:28 IST" duration-ms="1641" status="PASS">
          <reporter-output>
          </reporter-output>
        </test-method> <!-- tearDown -->
      </class> <!-- Allpagestests.Dashboardpagetest -->
    </test> <!-- Parameter3 -->
  </suite> <!-- testNG crash course4 -->
</testng-results>
