<?xml version="1.0" encoding="UTF-8"?>
<!-- Generated by org.testng.reporters.JUnitXMLReporter -->
<testsuite ignored="0" hostname="Krishnakittu" failures="0" tests="6" name="Parameter2" time="21.009" errors="0" timestamp="2024-09-23T14:41:05 IST">
  <testcase classname="Allpagestests.Loginpagetest" name="getpagetitletest" time="0.038"/>
  <testcase classname="Allpagestests.Loginpagetest" name="geturltest" time="0.032"/>
  <testcase classname="Allpagestests.Loginpagetest" name="logintest" time="4.935"/>
  <testcase classname="Allpagestests.Loginpagetest" name="navigatetodashboardtest" time="0.002"/>
  <testcase classname="Allpagestests.Dashboardpagetest" name="checkusernametest" time="0.093"/>
  <testcase classname="Allpagestests.Dashboardpagetest" name="userlogout" time="1.267"/>
</testsuite> <!-- Parameter2 -->
