<?xml version="1.0" encoding="UTF-8"?>
<!-- Generated by org.testng.reporters.JUnitXMLReporter -->
<testsuite ignored="0" hostname="Krishnakittu" failures="0" tests="6" name="Parameter1" time="34.907" errors="0" timestamp="2024-09-23T14:40:44 IST">
  <testcase classname="Allpagestests.Loginpagetest" name="getpagetitletest" time="0.07"/>
  <testcase classname="Allpagestests.Loginpagetest" name="geturltest" time="0.019"/>
  <testcase classname="Allpagestests.Loginpagetest" name="logintest" time="4.368"/>
  <testcase classname="Allpagestests.Loginpagetest" name="navigatetodashboardtest" time="0.012"/>
  <testcase classname="Allpagestests.Dashboardpagetest" name="checkusernametest" time="0.088"/>
  <testcase classname="Allpagestests.Dashboardpagetest" name="userlogout" time="1.203"/>
</testsuite> <!-- Parameter1 -->
