<?xml version="1.0" encoding="UTF-8"?>
<!-- Generated by org.testng.reporters.JUnitXMLReporter -->
<testsuite ignored="0" hostname="Krishnakittu" failures="0" tests="6" name="Parameter3" time="22.117" errors="0" timestamp="2024-09-23T14:41:28 IST">
  <testcase classname="Allpagestests.Loginpagetest" name="getpagetitletest" time="0.075"/>
  <testcase classname="Allpagestests.Loginpagetest" name="geturltest" time="0.063"/>
  <testcase classname="Allpagestests.Loginpagetest" name="logintest" time="5.083"/>
  <testcase classname="Allpagestests.Loginpagetest" name="navigatetodashboardtest" time="0.01"/>
  <testcase classname="Allpagestests.Dashboardpagetest" name="checkusernametest" time="0.089"/>
  <testcase classname="Allpagestests.Dashboardpagetest" name="userlogout" time="1.281"/>
</testsuite> <!-- Parameter3 -->
