<?xml version="1.0" encoding="UTF-8"?>
<!-- Generated by org.testng.reporters.JUnitXMLReporter -->
<testsuite ignored="0" hostname="Krishnakittu" failures="1" tests="5" name="Test" time="28.128" errors="0" timestamp="2024-09-23T12:58:32 IST">
  <testcase classname="Allpagestests.Loginpagetest" name="getpagetitletest" time="0.069"/>
  <testcase classname="Allpagestests.Loginpagetest" name="geturltest" time="0.076"/>
  <testcase classname="Allpagestests.Loginpagetest" name="logintest" time="6.772"/>
  <testcase classname="Allpagestests.Loginpagetest" name="navigatetodashboardtest" time="0.065">
    <failure type="java.lang.AssertionError" message="Navigation to dashboard successful expected [true] but found [false]">
      <![CDATA[java.lang.AssertionError: Navigation to dashboard successful expected [true] but found [false]
at Allpagestests.Loginpagetest.navigatetodashboardtest(Loginpagetest.java:67)
at java.base/java.util.ArrayList.forEach(ArrayList.java:1596)
... Removed 28 stack frames]]>
    </failure>
  </testcase> <!-- navigatetodashboardtest -->
  <testcase classname="Allpagestests.Dashboardpagetest" name="checkusernametest" time="0.122"/>
</testsuite> <!-- Test -->
