<?xml version="1.0" encoding="UTF-8"?>
<testng-results ignored="0" total="2" passed="2" failed="0" skipped="0">
  <reporter-output>
  </reporter-output>
  <suite started-at="2024-09-30T15:53:22 IST" name="Default suite" finished-at="2024-09-30T15:53:46 IST" duration-ms="24640">
    <groups>
    </groups>
    <test started-at="2024-09-30T15:53:22 IST" name="Default test" finished-at="2024-09-30T15:53:46 IST" duration-ms="24640">
      <class name="Allpagestest.Logintest">
        <test-method is-config="true" signature="Initilization()[pri:0, instance:Allpagestest.Logintest@5fbe4146]" started-at="2024-09-30T15:53:22 IST" name="Initilization" finished-at="2024-09-30T15:53:26 IST" duration-ms="3936" status="PASS">
          <reporter-output>
          </reporter-output>
        </test-method> <!-- Initilization -->
        <test-method signature="logintest(java.lang.String,java.lang.String)[pri:0, instance:Allpagestest.Logintest@5fbe4146]" started-at="2024-09-30T15:53:27 IST" name="logintest" data-provider="gettestdata" finished-at="2024-09-30T15:53:38 IST" duration-ms="11510" status="PASS">
          <params>
            <param index="0">
              <value>
                <![CDATA[david@yopmail.com]]>
              </value>
            </param>
            <param index="1">
              <value>
                <![CDATA[12345678]]>
              </value>
            </param>
          </params>
          <reporter-output>
          </reporter-output>
        </test-method> <!-- logintest -->
        <test-method signature="logintest(java.lang.String,java.lang.String)[pri:0, instance:Allpagestest.Logintest@5fbe4146]" started-at="2024-09-30T15:53:38 IST" name="logintest" data-provider="gettestdata" finished-at="2024-09-30T15:53:45 IST" duration-ms="6926" status="PASS">
          <params>
            <param index="0">
              <value>
                <![CDATA[enduser@yopmail.com]]>
              </value>
            </param>
            <param index="1">
              <value>
                <![CDATA[12345678]]>
              </value>
            </param>
          </params>
          <reporter-output>
          </reporter-output>
        </test-method> <!-- logintest -->
        <test-method is-config="true" signature="teardown()[pri:0, instance:Allpagestest.Logintest@5fbe4146]" started-at="2024-09-30T15:53:45 IST" name="teardown" finished-at="2024-09-30T15:53:46 IST" duration-ms="1200" status="PASS">
          <reporter-output>
          </reporter-output>
        </test-method> <!-- teardown -->
      </class> <!-- Allpagestest.Logintest -->
    </test> <!-- Default test -->
  </suite> <!-- Default suite -->
</testng-results>
