<?xml version="1.0" encoding="UTF-8"?>
<!-- Generated by org.testng.reporters.JUnitXMLReporter -->
<testsuite ignored="3" hostname="Krishnakittu" failures="0" tests="2" name="Default test" time="24.64" errors="0" timestamp="2024-09-30T15:53:46 IST">
  <testcase classname="Allpagestest.Logintest" name="logintest" time="11.51"/>
  <testcase classname="Allpagestest.Logintest" name="logintest" time="6.926"/>
  <testcase classname="Allpagestest.Logintest" name="navigatetodashboardtest" time="0.0">
    <ignored/>
  </testcase> <!-- navigatetodashboardtest -->
  <testcase classname="Allpagestest.Logintest" name="getpagetitletest" time="0.0">
    <ignored/>
  </testcase> <!-- getpagetitletest -->
  <testcase classname="Allpagestest.Logintest" name="geturltest" time="0.0">
    <ignored/>
  </testcase> <!-- geturltest -->
</testsuite> <!-- Default test -->
